<?xml version="1.0" encoding="UTF-8"?>
<testng-results ignored="0" total="1" passed="1" failed="0" skipped="0">
  <reporter-output>
    <line>
      <![CDATA[createCustomer]]>
    </line>
  </reporter-output>
  <suite started-at="2023-06-06T11:55:15 IST" name="Default suite" finished-at="2023-06-06T11:55:15 IST" duration-ms="100">
    <groups>
    </groups>
    <test started-at="2023-06-06T11:55:15 IST" name="Default test" finished-at="2023-06-06T11:55:15 IST" duration-ms="100">
      <class name="com.actitime.testscript.CreateCustomer">
        <test-method signature="createCustomer()[pri:0, instance:com.actitime.testscript.CreateCustomer@7a4ccb53]" started-at="2023-06-06T11:55:15 IST" name="createCustomer" finished-at="2023-06-06T11:55:15 IST" duration-ms="23" status="PASS">
          <reporter-output>
            <line>
              <![CDATA[createCustomer]]>
            </line>
          </reporter-output>
        </test-method> <!-- createCustomer -->
      </class> <!-- com.actitime.testscript.CreateCustomer -->
    </test> <!-- Default test -->
  </suite> <!-- Default suite -->
</testng-results>
